<?xml version="1.0" encoding="UTF-8"?>
<!-- Generated by org.testng.reporters.JUnitXMLReporter -->
<testsuite ignored="0" hostname="LAPTOP-6UNA8P7R" failures="0" tests="2" name="Default test" time="54.454" errors="0" timestamp="2023-12-07T14:22:08 EST">
  <testcase classname="org.AppiumTestCases.eCommerce_TC4_JsonDataprovider" name="fillForm" time="17.257"/>
  <testcase classname="org.AppiumTestCases.eCommerce_TC4_JsonDataprovider" name="fillForm" time="19.248"/>
</testsuite> <!-- Default test -->
