<?xml version="1.0" encoding="UTF-8"?>
<testng-results ignored="2" total="3" passed="1" failed="0" skipped="0">
  <reporter-output>
  </reporter-output>
  <suite started-at="2023-12-08T13:46:21 EST" name="Suite" finished-at="2023-12-08T13:46:51 EST" duration-ms="29666">
    <groups>
      <group name="Smoke">
        <method signature="eCommerce_TC1.fillForm_PositiveFlow()[pri:0, instance:org.AppiumTestCases.eCommerce_TC1@11f0a5a1]" name="fillForm_PositiveFlow" class="org.AppiumTestCases.eCommerce_TC1"/>
      </group> <!-- Smoke -->
    </groups>
    <test started-at="2023-12-08T13:46:21 EST" name="Error Validation Test" finished-at="2023-12-08T13:46:50 EST" duration-ms="29103">
      <class name="org.AppiumTestCases.eCommerce_TC1">
        <test-method is-config="true" signature="ConfigureAppium()[pri:0, instance:org.AppiumTestCases.eCommerce_TC1@11f0a5a1]" started-at="2023-12-08T13:46:21 EST" name="ConfigureAppium" finished-at="2023-12-08T13:46:31 EST" duration-ms="9510" status="PASS">
          <reporter-output>
          </reporter-output>
        </test-method> <!-- ConfigureAppium -->
        <test-method signature="fillForm_PositiveFlow()[pri:0, instance:org.AppiumTestCases.eCommerce_TC1@11f0a5a1]" started-at="2023-12-08T13:46:31 EST" name="fillForm_PositiveFlow" finished-at="2023-12-08T13:46:50 EST" duration-ms="19200" status="PASS">
          <reporter-output>
          </reporter-output>
        </test-method> <!-- fillForm_PositiveFlow -->
        <test-method is-config="true" signature="tearDown()[pri:0, instance:org.AppiumTestCases.eCommerce_TC1@11f0a5a1]" started-at="2023-12-08T13:46:50 EST" name="tearDown" finished-at="2023-12-08T13:46:50 EST" duration-ms="333" status="PASS">
          <reporter-output>
          </reporter-output>
        </test-method> <!-- tearDown -->
      </class> <!-- org.AppiumTestCases.eCommerce_TC1 -->
    </test> <!-- Error Validation Test -->
    <test started-at="2023-12-08T13:46:51 EST" name="End to end frame workTest" finished-at="2023-12-08T13:46:51 EST" duration-ms="1">
    </test> <!-- End to end frame workTest -->
  </suite> <!-- Suite -->
</testng-results>
